Using pre-set license
Built from '2021.2/release' branch; Version is '2021.2.0f1 (4bf1ec4b23c9) revision 4977132'; Using compiler version '192829333'; Build Type 'Release'
OS: 'Windows 10 Home; OS build 19043.1348; Version 2009; 64bit' Language: 'en' Physical Memory: 16328 MB
BatchMode: 1, IsHumanControllingUs: 0, StartBugReporterOnCrash: 0, Is64bit: 1, IsPro: 0

COMMAND LINE ARGUMENTS:
C:\Program Files\Unity\Hub\Editor\2021.2.0f1\Editor\Unity.exe
-adb2
-batchMode
-noUpm
-name
AssetImportWorker1
-projectPath
C:/Users/stant/Documents/GitHub/11279group36/FisheryManager
-logFile
Logs/AssetImportWorker1.log
-srvPort
64806
Successfully changed project path to: C:/Users/stant/Documents/GitHub/11279group36/FisheryManager
C:/Users/stant/Documents/GitHub/11279group36/FisheryManager
[UnityMemory] Configuration Parameters - Can be set up in boot.config
    "memorysetup-bucket-allocator-granularity=16"
    "memorysetup-bucket-allocator-bucket-count=8"
    "memorysetup-bucket-allocator-block-size=33554432"
    "memorysetup-bucket-allocator-block-count=8"
    "memorysetup-main-allocator-block-size=16777216"
    "memorysetup-thread-allocator-block-size=16777216"
    "memorysetup-gfx-main-allocator-block-size=16777216"
    "memorysetup-gfx-thread-allocator-block-size=16777216"
    "memorysetup-cache-allocator-block-size=4194304"
    "memorysetup-typetree-allocator-block-size=2097152"
    "memorysetup-profiler-bucket-allocator-granularity=16"
    "memorysetup-profiler-bucket-allocator-bucket-count=8"
    "memorysetup-profiler-bucket-allocator-block-size=33554432"
    "memorysetup-profiler-bucket-allocator-block-count=8"
    "memorysetup-profiler-allocator-block-size=16777216"
    "memorysetup-profiler-editor-allocator-block-size=1048576"
    "memorysetup-temp-allocator-size-main=16777216"
    "memorysetup-job-temp-allocator-block-size=2097152"
    "memorysetup-job-temp-allocator-block-size-background=1048576"
    "memorysetup-job-temp-allocator-reduction-small-platforms=262144"
    "memorysetup-temp-allocator-size-background-worker=32768"
    "memorysetup-temp-allocator-size-job-worker=262144"
    "memorysetup-temp-allocator-size-preload-manager=33554432"
    "memorysetup-temp-allocator-size-nav-mesh-worker=65536"
    "memorysetup-temp-allocator-size-audio-worker=65536"
    "memorysetup-temp-allocator-size-cloud-worker=32768"
    "memorysetup-temp-allocator-size-gi-baking-worker=262144"
    "memorysetup-temp-allocator-size-gfx=262144"
Refreshing native plugins compatible for Editor in 87.18 ms, found 4 plugins.
Preloading 0 native plugins for Editor in 0.00 ms.
Initialize engine version: 2021.2.0f1 (4bf1ec4b23c9)
[Subsystems] Discovering subsystems at path C:/Program Files/Unity/Hub/Editor/2021.2.0f1/Editor/Data/Resources/UnitySubsystems
[Subsystems] Discovering subsystems at path C:/Users/stant/Documents/GitHub/11279group36/FisheryManager/Assets
GfxDevice: creating device client; threaded=0; jobified=0
Direct3D:
    Version:  Direct3D 11.0 [level 11.1]
    Renderer: NVIDIA GeForce RTX 3060 Ti (ID=0x2489)
    Vendor:   NVIDIA
    VRAM:     8050 MB
    Driver:   30.0.14.9649
Initialize mono
Mono path[0] = 'C:/Program Files/Unity/Hub/Editor/2021.2.0f1/Editor/Data/Managed'
Mono path[1] = 'C:/Program Files/Unity/Hub/Editor/2021.2.0f1/Editor/Data/MonoBleedingEdge/lib/mono/unityjit-win32'
Mono config path = 'C:/Program Files/Unity/Hub/Editor/2021.2.0f1/Editor/Data/MonoBleedingEdge/etc'
Using monoOptions --debugger-agent=transport=dt_socket,embedding=1,server=y,suspend=n,address=127.0.0.1:56152
Begin MonoManager ReloadAssembly
Registering precompiled unity dll's ...
Register platform support module: C:/Program Files/Unity/Hub/Editor/2021.2.0f1/Editor/Data/PlaybackEngines/WindowsStandaloneSupport/UnityEditor.WindowsStandalone.Extensions.dll
Registered in 0.006455 seconds.
Native extension for WindowsStandalone target not found
Refreshing native plugins compatible for Editor in 71.81 ms, found 4 plugins.
Preloading 0 native plugins for Editor in 0.00 ms.
Mono: successfully reloaded assembly
- Completed reload, in  0.651 seconds
Domain Reload Profiling:
	ReloadAssembly (652ms)
		BeginReloadAssembly (57ms)
			ExecutionOrderSort (0ms)
			DisableScriptedObjects (0ms)
			BackupInstance (0ms)
			ReleaseScriptingObjects (0ms)
			CreateAndSetChildDomain (0ms)
		EndReloadAssembly (356ms)
			LoadAssemblies (55ms)
			RebuildTransferFunctionScriptingTraits (0ms)
			SetupTypeCache (73ms)
			ReleaseScriptCaches (0ms)
			RebuildScriptCaches (20ms)
			SetupLoadedEditorAssemblies (223ms)
				LogAssemblyErrors (0ms)
				InitializePlatformSupportModulesInManaged (6ms)
				SetLoadedEditorAssemblies (0ms)
				RefreshPlugins (72ms)
				BeforeProcessingInitializeOnLoad (1ms)
				ProcessInitializeOnLoadAttributes (107ms)
				ProcessInitializeOnLoadMethodAttributes (37ms)
				AfterProcessingInitializeOnLoad (0ms)
				EditorAssembliesLoaded (0ms)
			ExecutionOrderSort2 (0ms)
			AwakeInstancesAfterBackupRestoration (0ms)
Platform modules already initialized, skipping
Registering precompiled user dll's ...
Registered in 0.007116 seconds.
Begin MonoManager ReloadAssembly
Symbol file LoadedFromMemory doesn't match image C:\Users\stant\Documents\GitHub\11279group36\FisheryManager\Library\PackageCache\com.unity.visualscripting@1.7.2\Editor\VisualScripting.Core\Dependencies\YamlDotNet\Unity.VisualScripting.YamlDotNet.dll
Symbol file LoadedFromMemory doesn't match image C:\Users\stant\Documents\GitHub\11279group36\FisheryManager\Library\PackageCache\com.unity.visualscripting@1.7.2\Editor\VisualScripting.Core\Dependencies\DotNetZip\Unity.VisualScripting.IonicZip.dll
Native extension for WindowsStandalone target not found
Refreshing native plugins compatible for Editor in 69.00 ms, found 4 plugins.
Preloading 0 native plugins for Editor in 0.00 ms.
Mono: successfully reloaded assembly
- Completed reload, in  1.345 seconds
Domain Reload Profiling:
	ReloadAssembly (1346ms)
		BeginReloadAssembly (132ms)
			ExecutionOrderSort (0ms)
			DisableScriptedObjects (4ms)
			BackupInstance (0ms)
			ReleaseScriptingObjects (0ms)
			CreateAndSetChildDomain (16ms)
		EndReloadAssembly (1137ms)
			LoadAssemblies (69ms)
			RebuildTransferFunctionScriptingTraits (0ms)
			SetupTypeCache (177ms)
			ReleaseScriptCaches (0ms)
			RebuildScriptCaches (39ms)
			SetupLoadedEditorAssemblies (785ms)
				LogAssemblyErrors (0ms)
				InitializePlatformSupportModulesInManaged (8ms)
				SetLoadedEditorAssemblies (0ms)
				RefreshPlugins (69ms)
				BeforeProcessingInitializeOnLoad (73ms)
				ProcessInitializeOnLoadAttributes (596ms)
				ProcessInitializeOnLoadMethodAttributes (31ms)
				AfterProcessingInitializeOnLoad (7ms)
				EditorAssembliesLoaded (0ms)
			ExecutionOrderSort2 (0ms)
			AwakeInstancesAfterBackupRestoration (5ms)
Platform modules already initialized, skipping
========================================================================
Worker process is ready to serve import requests
Launched and connected shader compiler UnityShaderCompiler.exe after 0.05 seconds
Refreshing native plugins compatible for Editor in 0.79 ms, found 4 plugins.
Preloading 0 native plugins for Editor in 0.00 ms.
Unloading 3909 Unused Serialized files (Serialized files now loaded: 0)
Unloading 38 unused Assets / (55.5 KB). Loaded Objects now: 4371.
Memory consumption went from 152.3 MB to 152.2 MB.
Total: 3.102400 ms (FindLiveObjects: 0.263600 ms CreateObjectMapping: 0.168700 ms MarkObjects: 2.615600 ms  DeleteObjects: 0.053900 ms)

AssetImportParameters requested are different than current active one (requested -> active):
  custom:video-decoder-ogg-theora: a1e56fd34408186e4bbccfd4996cb3dc -> 
  custom:container-muxer-webm: aa71ff27fc2769a1b78a27578f13a17b -> 
  custom:container-demuxer-webm: 4f35f7cbe854078d1ac9338744f61a02 -> 
  custom:video-encoder-webm-vp8: eb34c28f22e8b96e1ab97ce403110664 -> 
  custom:audio-encoder-webm-vorbis: bf7c407c2cedff20999df2af8eb42d56 -> 
  custom:framework-win-MediaFoundation: 216162199b28c13a410421893ffa2e32 -> 
  custom:container-demuxer-ogg: 62fdf1f143b41e24485cea50d1cbac27 -> 
  custom:video-decoder-webm-vp8: 9c59270c3fd7afecdb556c50c9e8de78 -> 
  custom:audio-decoder-ogg-vorbis: bf7c407c2cedff20999df2af8eb42d56 -> 
========================================================================
Received Import Request.
  Time since last request: 298120.453779 seconds.
  path: Assets/Texture/Linerenderer/ringGreen.png
  artifactKey: Guid(ea240b1bfe74c4054a0b41f8b084e7f5) Importer(815301076,1909f56bfc062723c751e8b465ee728b)
Start importing Assets/Texture/Linerenderer/ringGreen.png using Guid(ea240b1bfe74c4054a0b41f8b084e7f5) Importer(815301076,1909f56bfc062723c751e8b465ee728b)  -> (artifact id: '1f3eb9c94d35c2273da46c0c818f40dd') in 0.063146 seconds 
========================================================================
Received Import Request.
  Time since last request: 0.000020 seconds.
  path: Assets/Texture/Linerenderer/GraphExpense_border.png
  artifactKey: Guid(39260ad3f7d374d92a1003091e19b41b) Importer(815301076,1909f56bfc062723c751e8b465ee728b)
Start importing Assets/Texture/Linerenderer/GraphExpense_border.png using Guid(39260ad3f7d374d92a1003091e19b41b) Importer(815301076,1909f56bfc062723c751e8b465ee728b)  -> (artifact id: '6678b057f8c3f1d25d155a05d177c7fd') in 0.015391 seconds 
========================================================================
Received Import Request.
  Time since last request: 0.000020 seconds.
  path: Assets/Material/Linerenderer/pointer.mat
  artifactKey: Guid(186fdf713a3224285b591ec4a4067219) Importer(815301076,1909f56bfc062723c751e8b465ee728b)
Start importing Assets/Material/Linerenderer/pointer.mat using Guid(186fdf713a3224285b591ec4a4067219) Importer(815301076,1909f56bfc062723c751e8b465ee728b)  -> (artifact id: '977c12fdf06e27b3e43f6c78e4b9998a') in 0.066038 seconds 
========================================================================
Received Import Request.
  Time since last request: 0.000015 seconds.
  path: Assets/Material/Linerenderer/pointerExpense.mat
  artifactKey: Guid(ee79551e65cd84caa90d94771434cc0a) Importer(815301076,1909f56bfc062723c751e8b465ee728b)
Start importing Assets/Material/Linerenderer/pointerExpense.mat using Guid(ee79551e65cd84caa90d94771434cc0a) Importer(815301076,1909f56bfc062723c751e8b465ee728b)  -> (artifact id: 'b827d4120d95d8fdb31cb87cd0a5e33f') in 0.012272 seconds 
========================================================================
Received Import Request.
  Time since last request: 0.000017 seconds.
  path: Assets/Texture/Linerenderer/GraphExpense_RedBorder2.png
  artifactKey: Guid(28c27076f6a5e4d5491a38408122edd9) Importer(815301076,1909f56bfc062723c751e8b465ee728b)
Start importing Assets/Texture/Linerenderer/GraphExpense_RedBorder2.png using Guid(28c27076f6a5e4d5491a38408122edd9) Importer(815301076,1909f56bfc062723c751e8b465ee728b)  -> (artifact id: '0f550eaeeb47b770a32ae2689bba85db') in 0.012400 seconds 
========================================================================
Received Import Request.
  Time since last request: 0.000015 seconds.
  path: Assets/TextMesh Pro/Resources/Fonts & Materials/LiberationSans SDF - Fallback.asset
  artifactKey: Guid(2e498d1c8094910479dc3e1b768306a4) Importer(815301076,1909f56bfc062723c751e8b465ee728b)
Start importing Assets/TextMesh Pro/Resources/Fonts & Materials/LiberationSans SDF - Fallback.asset using Guid(2e498d1c8094910479dc3e1b768306a4) Importer(815301076,1909f56bfc062723c751e8b465ee728b)  -> (artifact id: '059254c8a1cfc86f486a35953ea714ad') in 0.038716 seconds 
========================================================================
Received Import Request.
  Time since last request: 0.000017 seconds.
  path: Assets/TextMesh Pro/Shaders/TMPro.cginc
  artifactKey: Guid(407bc68d299748449bbf7f48ee690f8d) Importer(815301076,1909f56bfc062723c751e8b465ee728b)
Start importing Assets/TextMesh Pro/Shaders/TMPro.cginc using Guid(407bc68d299748449bbf7f48ee690f8d) Importer(815301076,1909f56bfc062723c751e8b465ee728b)  -> (artifact id: '7395dd04a5e9f7329f6d00895a1b3f59') in 0.009642 seconds 
========================================================================
Received Import Request.
  Time since last request: 0.000020 seconds.
  path: Assets/Prefab/Linerenderer/pointer.prefab
  artifactKey: Guid(4bc3c579ecf924baf884cd4ca9bb6948) Importer(815301076,1909f56bfc062723c751e8b465ee728b)
Start importing Assets/Prefab/Linerenderer/pointer.prefab using Guid(4bc3c579ecf924baf884cd4ca9bb6948) Importer(815301076,1909f56bfc062723c751e8b465ee728b)  -> (artifact id: 'cf7c0cd8279b7cea92ba31fc9eed9d4a') in 0.010015 seconds 
========================================================================
Received Import Request.
  Time since last request: 0.000013 seconds.
  path: Assets/Material/Linerenderer/Green.mat
  artifactKey: Guid(4ee41a4d5636a497eb6339488cad132f) Importer(815301076,1909f56bfc062723c751e8b465ee728b)
Start importing Assets/Material/Linerenderer/Green.mat using Guid(4ee41a4d5636a497eb6339488cad132f) Importer(815301076,1909f56bfc062723c751e8b465ee728b)  -> (artifact id: '180ac106d906610f3e538e3b271e207e') in 0.012873 seconds 
========================================================================
Received Import Request.
  Time since last request: 0.000015 seconds.
  path: Assets/Texture/Linerenderer/GraphIncome_GreenBorder.png
  artifactKey: Guid(0d91dd3e8b38749df8578193b01d312b) Importer(815301076,1909f56bfc062723c751e8b465ee728b)
Start importing Assets/Texture/Linerenderer/GraphIncome_GreenBorder.png using Guid(0d91dd3e8b38749df8578193b01d312b) Importer(815301076,1909f56bfc062723c751e8b465ee728b)  -> (artifact id: 'b0b791bf4ec725c28fee65833d149525') in 0.012263 seconds 
========================================================================
Received Import Request.
  Time since last request: 0.000013 seconds.
  path: Assets/TextMesh Pro/Shaders/TMPro_Mobile.cginc
  artifactKey: Guid(c334973cef89a9840b0b0c507e0377ab) Importer(815301076,1909f56bfc062723c751e8b465ee728b)
Start importing Assets/TextMesh Pro/Shaders/TMPro_Mobile.cginc using Guid(c334973cef89a9840b0b0c507e0377ab) Importer(815301076,1909f56bfc062723c751e8b465ee728b)  -> (artifact id: '1999694fbd3e051111afe8363ffdff0a') in 0.008885 seconds 
========================================================================
Received Import Request.
  Time since last request: 0.000018 seconds.
  path: Assets/Material/Linerenderer/MainBG.mat
  artifactKey: Guid(2d55872a51fc04013a5d3d8e251d52a1) Importer(815301076,1909f56bfc062723c751e8b465ee728b)
Start importing Assets/Material/Linerenderer/MainBG.mat using Guid(2d55872a51fc04013a5d3d8e251d52a1) Importer(815301076,1909f56bfc062723c751e8b465ee728b)  -> (artifact id: '367cbae7dd92f29049d532a5d0ce4a8f') in 0.023710 seconds 
========================================================================
Received Import Request.
  Time since last request: 0.000018 seconds.
  path: Assets/RW/Scripts/GameAssembly.asmdef
  artifactKey: Guid(5b0092f417cd7b6468c64eab3b95cef4) Importer(815301076,1909f56bfc062723c751e8b465ee728b)
Start importing Assets/RW/Scripts/GameAssembly.asmdef using Guid(5b0092f417cd7b6468c64eab3b95cef4) Importer(815301076,1909f56bfc062723c751e8b465ee728b)  -> (artifact id: '4accb599a64fbe3aa283eab180719edb') in 0.005397 seconds 
========================================================================
Received Import Request.
  Time since last request: 0.000015 seconds.
  path: Assets/Texture/Linerenderer/GraphIncome.png
  artifactKey: Guid(6054b151f22524042aa267d0ac6db304) Importer(815301076,1909f56bfc062723c751e8b465ee728b)
Start importing Assets/Texture/Linerenderer/GraphIncome.png using Guid(6054b151f22524042aa267d0ac6db304) Importer(815301076,1909f56bfc062723c751e8b465ee728b)  -> (artifact id: 'ecf206b6cfab2a43b7ec53afe1666f85') in 0.013264 seconds 
========================================================================
Received Import Request.
  Time since last request: 0.000016 seconds.
  path: Assets/TextMesh Pro/Sprites/EmojiOne.png
  artifactKey: Guid(dffef66376be4fa480fb02b19edbe903) Importer(815301076,1909f56bfc062723c751e8b465ee728b)
Start importing Assets/TextMesh Pro/Sprites/EmojiOne.png using Guid(dffef66376be4fa480fb02b19edbe903) Importer(815301076,1909f56bfc062723c751e8b465ee728b)  -> (artifact id: 'e70e6e2a7bd847701d3dacc6a79575cb') in 0.011462 seconds 
========================================================================
Received Import Request.
  Time since last request: 0.000018 seconds.
  path: Assets/Material/Linerenderer/linerendererIncome.mat
  artifactKey: Guid(f3c6ca0045d94454597b0a7257b8639f) Importer(815301076,1909f56bfc062723c751e8b465ee728b)
Start importing Assets/Material/Linerenderer/linerendererIncome.mat using Guid(f3c6ca0045d94454597b0a7257b8639f) Importer(815301076,1909f56bfc062723c751e8b465ee728b)  -> (artifact id: 'e1829121e48a5ae054f5d5c230d6a1fd') in 0.013338 seconds 
========================================================================
Received Import Request.
  Time since last request: 0.000020 seconds.
  path: Assets/Texture/Linerenderer/GraphNetWorth.png
  artifactKey: Guid(d08d25e2b2a9a444d89ad6c5196bcbc9) Importer(815301076,1909f56bfc062723c751e8b465ee728b)
Start importing Assets/Texture/Linerenderer/GraphNetWorth.png using Guid(d08d25e2b2a9a444d89ad6c5196bcbc9) Importer(815301076,1909f56bfc062723c751e8b465ee728b)  -> (artifact id: '821c113f0c202c6c09ea1fc29fb72b8d') in 0.012474 seconds 
========================================================================
Received Import Request.
  Time since last request: 0.000015 seconds.
  path: Assets/Prefab/Linerenderer/linerenderer.prefab
  artifactKey: Guid(10d9347ce1806467dadac51dda72f85e) Importer(815301076,1909f56bfc062723c751e8b465ee728b)
Start importing Assets/Prefab/Linerenderer/linerenderer.prefab using Guid(10d9347ce1806467dadac51dda72f85e) Importer(815301076,1909f56bfc062723c751e8b465ee728b)  -> (artifact id: '816760d5d413ec3c071e70c352ef43ad') in 0.015064 seconds 
========================================================================
Received Import Request.
  Time since last request: 0.000022 seconds.
  path: Assets/Prefab/Linerenderer/Holder.prefab
  artifactKey: Guid(a0340fa40637c423b80d6c2b17c94f71) Importer(815301076,1909f56bfc062723c751e8b465ee728b)
Start importing Assets/Prefab/Linerenderer/Holder.prefab using Guid(a0340fa40637c423b80d6c2b17c94f71) Importer(815301076,1909f56bfc062723c751e8b465ee728b)  -> (artifact id: 'e3fe408aa45c25cbedec0877465b3d7e') in 0.006537 seconds 
========================================================================
Received Prepare
Registering precompiled user dll's ...
Registered in 0.005821 seconds.
Begin MonoManager ReloadAssembly
Symbol file LoadedFromMemory doesn't match image C:\Users\stant\Documents\GitHub\11279group36\FisheryManager\Library\PackageCache\com.unity.visualscripting@1.7.2\Editor\VisualScripting.Core\Dependencies\YamlDotNet\Unity.VisualScripting.YamlDotNet.dll
Symbol file LoadedFromMemory doesn't match image C:\Users\stant\Documents\GitHub\11279group36\FisheryManager\Library\PackageCache\com.unity.visualscripting@1.7.2\Editor\VisualScripting.Core\Dependencies\DotNetZip\Unity.VisualScripting.IonicZip.dll
Native extension for WindowsStandalone target not found
Refreshing native plugins compatible for Editor in 1.01 ms, found 4 plugins.
Preloading 0 native plugins for Editor in 0.00 ms.
Mono: successfully reloaded assembly
- Completed reload, in  0.998 seconds
Domain Reload Profiling:
	ReloadAssembly (999ms)
		BeginReloadAssembly (105ms)
			ExecutionOrderSort (0ms)
			DisableScriptedObjects (4ms)
			BackupInstance (0ms)
			ReleaseScriptingObjects (0ms)
			CreateAndSetChildDomain (32ms)
		EndReloadAssembly (816ms)
			LoadAssemblies (68ms)
			RebuildTransferFunctionScriptingTraits (0ms)
			SetupTypeCache (184ms)
			ReleaseScriptCaches (1ms)
			RebuildScriptCaches (37ms)
			SetupLoadedEditorAssemblies (428ms)
				LogAssemblyErrors (0ms)
				InitializePlatformSupportModulesInManaged (11ms)
				SetLoadedEditorAssemblies (1ms)
				RefreshPlugins (1ms)
				BeforeProcessingInitializeOnLoad (78ms)
				ProcessInitializeOnLoadAttributes (301ms)
				ProcessInitializeOnLoadMethodAttributes (27ms)
				AfterProcessingInitializeOnLoad (8ms)
				EditorAssembliesLoaded (0ms)
			ExecutionOrderSort2 (0ms)
			AwakeInstancesAfterBackupRestoration (12ms)
Platform modules already initialized, skipping
Refreshing native plugins compatible for Editor in 1.19 ms, found 4 plugins.
Preloading 0 native plugins for Editor in 0.00 ms.
Unloading 3893 Unused Serialized files (Serialized files now loaded: 0)
Unloading 26 unused Assets / (24.6 KB). Loaded Objects now: 4539.
Memory consumption went from 160.9 MB to 160.8 MB.
Total: 4.104400 ms (FindLiveObjects: 0.471900 ms CreateObjectMapping: 0.241600 ms MarkObjects: 3.375000 ms  DeleteObjects: 0.015200 ms)

AssetImportParameters requested are different than current active one (requested -> active):
  custom:video-decoder-ogg-theora: a1e56fd34408186e4bbccfd4996cb3dc -> 
  custom:container-muxer-webm: aa71ff27fc2769a1b78a27578f13a17b -> 
  custom:container-demuxer-webm: 4f35f7cbe854078d1ac9338744f61a02 -> 
  custom:video-encoder-webm-vp8: eb34c28f22e8b96e1ab97ce403110664 -> 
  custom:audio-encoder-webm-vorbis: bf7c407c2cedff20999df2af8eb42d56 -> 
  custom:framework-win-MediaFoundation: 216162199b28c13a410421893ffa2e32 -> 
  custom:container-demuxer-ogg: 62fdf1f143b41e24485cea50d1cbac27 -> 
  custom:video-decoder-webm-vp8: 9c59270c3fd7afecdb556c50c9e8de78 -> 
  custom:audio-decoder-ogg-vorbis: bf7c407c2cedff20999df2af8eb42d56 -> 
